export FIRMWARE_PATH="/firmware"
export UEFI_DETECTED="0"
export AVM_DETECTED="0"
export PATOOLS_INIT="0"
export VMDK_DETECTED="0"
export UBI_IMAGE="0"
export DLINK_ENC_DETECTED="0"
export ENGENIUS_ENC_DETECTED="0"
export UBOOT_IMAGE="0"
export BSD_UFS="0"
export EXT_IMAGE="0"
export QNAP_ENC_DETECTED="0"
export GPG_COMPRESS="0"
export ANDROID_OTA="0"
export OPENSSL_ENC_DETECTED="0"
export BUFFALO_ENC_DETECTED="0"
export ZYXEL_ZIP="0"
export QCOW_DETECTED="0"
export ARCH=""
export D_END="NA"
