------------------------------------------------------------------------------------------------
Error detected - status code [0;33m1[0m
Command:  [0;33mecho -e "Command:  ${ORANGE}${BASH_COMMAND}${NC}"[0m
Location:  [0;33m./helpers/helpers_emba_print.sh[0m, line [0;33m808[0m
Stack Trace:
    [1] write_notification(): ./helpers/helpers_emba_print.sh, line 808 -> write_notification EMBA\ finished\ analysis\ in\ default\ mode
    [2] main(): ./emba, line 787 -> main
    [3] main(): ./emba, line 1029 -> main

[0;34m[1mImportant: Consider filling out a bug report at https://github.com/e-m-b-a/emba/issues[0m

------------------------------------------------------------------------------------------------
------------------------------------------------------------------------------------------------
Error detected - status code [0;33m1[0m
Command:  [0;33mecho -e "Command:  ${ORANGE}${BASH_COMMAND}${NC}"[0m
Location:  [0;33m./helpers/helpers_emba_print.sh[0m, line [0;33m808[0m
Stack Trace:
    [1] write_notification(): ./helpers/helpers_emba_print.sh, line 808 -> write_notification EMBA\ finished\ analysis\ in\ default\ mode
    [2] main(): ./emba, line 787 -> main
    [3] main(): ./emba, line 1029 -> main

[0;34m[1mImportant: Consider filling out a bug report at https://github.com/e-m-b-a/emba/issues[0m

------------------------------------------------------------------------------------------------
